	---------------
---------------
---------------
GJKHKHJ
---------------
JHFJJ
---------------
VJH
JSDHFKS
---------------
完成时间：Fri Feb 10 13:32:24 CST 2017
DSFSDHFKSJDFJKSDuserId:130516101
---------------
完成时间：Fri Feb 10 13:32:26 CST 2017
DSFKSDJSDuserId:130516102
---------------
完成时间：Fri Feb 10 13:32:27 CST 2017
SDFSDFuserId:130516103
---------------
完成时间：Fri Feb 10 13:32:28 CST 2017
SRDHFDHuserId:130516104
---------------
FGDHGFJuserId:130516105
---------------
DSGuserId:130516106
---------------
GGJHJHHKKuserId:130516107
---------------
GHGJJHJHHKLuserId:130516108
---------------
HHKJKLuserId:130516109
---------------
REEWRWERT5userId:130516106
---------------
DFTGDFGFDSGuserId:130516110
---------------
SDGSDGSDG
---------------
	